# JRE version: 7.0_21-b11
# Java VM: Java HotSpot(TM) 64-Bit Server VM (23.21-b01 mixed mode linux-amd64 compressed oops)
Heap
 PSYoungGen      total 1194688K, used 805503K [0x00000007acab0000, 0x0000000800000000, 0x0000000800000000)
  eden space 1024064K, 61% used [0x00000007acab0000,0x00000007d36b5ae8,0x00000007eb2c0000)
  from space 170624K, 99% used [0x00000007f5960000,0x00000007ffffa270,0x0000000800000000)
  to   space 170624K, 0% used [0x00000007eb2c0000,0x00000007eb2c0000,0x00000007f5960000)
 ParOldGen       total 2730688K, used 6940K [0x0000000706000000, 0x00000007acab0000, 0x00000007acab0000)
  object space 2730688K, 0% used [0x0000000706000000,0x00000007066c7240,0x00000007acab0000)
 PSPermGen       total 120704K, used 120537K [0x00000006e6000000, 0x00000006ed5e0000, 0x0000000706000000)
  object space 120704K, 99% used [0x00000006e6000000,0x00000006ed5b6618,0x00000006ed5e0000)
GC Heap History (4 events):
Event: 4.716 GC heap before
{Heap before GC invocations=1 (full 0):
 PSYoungGen      total 1194688K, used 1024064K [0x00000007acab0000, 0x0000000800000000, 0x0000000800000000)
  eden space 1024064K, 100% used [0x00000007acab0000,0x00000007eb2c0000,0x00000007eb2c0000)
  from space 170624K, 0% used [0x00000007f5960000,0x00000007f5960000,0x0000000800000000)
  to   space 170624K, 0% used [0x00000007eb2c0000,0x00000007eb2c0000,0x00000007f5960000)
 ParOldGen       total 2730688K, used 0K [0x0000000706000000, 0x00000007acab0000, 0x00000007acab0000)
  object space 2730688K, 0% used [0x0000000706000000,0x0000000706000000,0x00000007acab0000)
 PSPermGen       total 40832K, used 40740K [0x00000006e6000000, 0x00000006e87e0000, 0x0000000706000000)
  object space 40832K, 99% used [0x00000006e6000000,0x00000006e87c90a0,0x00000006e87e0000)
Event: 4.774 GC heap after
Heap after GC invocations=1 (full 0):
 PSYoungGen      total 1194688K, used 85118K [0x00000007acab0000, 0x0000000800000000, 0x0000000800000000)
  eden space 1024064K, 0% used [0x00000007acab0000,0x00000007acab0000,0x00000007eb2c0000)
  from space 170624K, 49% used [0x00000007eb2c0000,0x00000007f05df940,0x00000007f5960000)
  to   space 170624K, 0% used [0x00000007f5960000,0x00000007f5960000,0x0000000800000000)
 ParOldGen       total 2730688K, used 80K [0x0000000706000000, 0x00000007acab0000, 0x00000007acab0000)
  object space 2730688K, 0% used [0x0000000706000000,0x0000000706014010,0x00000007acab0000)
 PSPermGen       total 40832K, used 40740K [0x00000006e6000000, 0x00000006e87e0000, 0x0000000706000000)
  object space 40832K, 99% used [0x00000006e6000000,0x00000006e87c90a0,0x00000006e87e0000)
}
Event: 13.933 GC heap before
{Heap before GC invocations=2 (full 0):
 PSYoungGen      total 1194688K, used 1109182K [0x00000007acab0000, 0x0000000800000000, 0x0000000800000000)
  eden space 1024064K, 100% used [0x00000007acab0000,0x00000007eb2c0000,0x00000007eb2c0000)
  from space 170624K, 49% used [0x00000007eb2c0000,0x00000007f05df940,0x00000007f5960000)
  to   space 170624K, 0% used [0x00000007f5960000,0x00000007f5960000,0x0000000800000000)
 ParOldGen       total 2730688K, used 80K [0x0000000706000000, 0x00000007acab0000, 0x00000007acab0000)
  object space 2730688K, 0% used [0x0000000706000000,0x0000000706014010,0x00000007acab0000)
 PSPermGen       total 102080K, used 101998K [0x00000006e6000000, 0x00000006ec3b0000, 0x0000000706000000)
  object space 102080K, 99% used [0x00000006e6000000,0x00000006ec39b9b0,0x00000006ec3b0000)
Event: 14.101 GC heap after
Heap after GC invocations=2 (full 0):
 PSYoungGen      total 1194688K, used 170600K [0x00000007acab0000, 0x0000000800000000, 0x0000000800000000)
  eden space 1024064K, 0% used [0x00000007acab0000,0x00000007acab0000,0x00000007eb2c0000)
  from space 170624K, 99% used [0x00000007f5960000,0x00000007ffffa270,0x0000000800000000)
  to   space 170624K, 0% used [0x00000007eb2c0000,0x00000007eb2c0000,0x00000007f5960000)
 ParOldGen       total 2730688K, used 6940K [0x0000000706000000, 0x00000007acab0000, 0x00000007acab0000)
  object space 2730688K, 0% used [0x0000000706000000,0x00000007066c7240,0x00000007acab0000)
 PSPermGen       total 102080K, used 101998K [0x00000006e6000000, 0x00000006ec3b0000, 0x0000000706000000)
  object space 102080K, 99% used [0x00000006e6000000,0x00000006ec39b9b0,0x00000006ec3b0000)
}

